Using pre-set license
Built from '2020.2/release' branch; Version is '2020.2.4f1 (becced5a802b) revision 12504301'; Using compiler version '192528614'; Build Type 'Release'
OS: 'Windows 10 Pro; OS build 19041.867; Version 2004; 64bit' Language: 'es' Physical Memory: 12139 MB
BatchMode: 1, IsHumanControllingUs: 0, StartBugReporterOnCrash: 0, Is64bit: 1, IsPro: 0

 COMMAND LINE ARGUMENTS:
C:\Program Files\Unity\Hub\Editor\2020.2.4f1\Editor\Unity.exe
-adb2
-batchMode
-noUpm
-name
AssetImportWorker0
-projectPath
D:/Septimo_Semestre/Simulacion/Segundo_Corte/P2T3_Lab01_Mover_Objetos_Mouse
-logFile
Logs/AssetImportWorker0.log
-srvPort
51767
Successfully changed project path to: D:/Septimo_Semestre/Simulacion/Segundo_Corte/P2T3_Lab01_Mover_Objetos_Mouse
D:/Septimo_Semestre/Simulacion/Segundo_Corte/P2T3_Lab01_Mover_Objetos_Mouse
Using Asset Import Pipeline V2.
Refreshing native plugins compatible for Editor in 74.12 ms, found 1 plugins.
Preloading 0 native plugins for Editor in 0.00 ms.
Initialize engine version: 2020.2.4f1 (becced5a802b)
[Subsystems] Discovering subsystems at path C:/Program Files/Unity/Hub/Editor/2020.2.4f1/Editor/Data/Resources/UnitySubsystems
[Subsystems] Discovering subsystems at path D:/Septimo_Semestre/Simulacion/Segundo_Corte/P2T3_Lab01_Mover_Objetos_Mouse/Assets
GfxDevice: creating device client; threaded=0
Direct3D:
    Version:  Direct3D 11.0 [level 11.1]
    Renderer: Intel(R) HD Graphics 520 (ID=0x1916)
    Vendor:   
    VRAM:     6069 MB
    Driver:   27.20.100.8681
Initialize mono
Mono path[0] = 'C:/Program Files/Unity/Hub/Editor/2020.2.4f1/Editor/Data/Managed'
Mono path[1] = 'C:/Program Files/Unity/Hub/Editor/2020.2.4f1/Editor/Data/MonoBleedingEdge/lib/mono/unityjit'
Mono config path = 'C:/Program Files/Unity/Hub/Editor/2020.2.4f1/Editor/Data/MonoBleedingEdge/etc'
Using monoOptions --debugger-agent=transport=dt_socket,embedding=1,server=y,suspend=n,address=127.0.0.1:56948
Begin MonoManager ReloadAssembly
Registering precompiled unity dll's ...
Register platform support module: C:/Program Files/Unity/Hub/Editor/2020.2.4f1/Editor/Data/PlaybackEngines/WebGLSupport/UnityEditor.WebGL.Extensions.dll
Register platform support module: C:/Program Files/Unity/Hub/Editor/2020.2.4f1/Editor/Data/PlaybackEngines/MacStandaloneSupport/UnityEditor.OSXStandalone.Extensions.dll
Register platform support module: C:/Program Files/Unity/Hub/Editor/2020.2.4f1/Editor/Data/PlaybackEngines/WindowsStandaloneSupport/UnityEditor.WindowsStandalone.Extensions.dll
Register platform support module: C:/Program Files/Unity/Hub/Editor/2020.2.4f1/Editor/Data/PlaybackEngines/LinuxStandaloneSupport/UnityEditor.LinuxStandalone.Extensions.dll
Register platform support module: C:/Program Files/Unity/Hub/Editor/2020.2.4f1/Editor/Data/PlaybackEngines/LuminSupport/UnityEditor.Lumin.Extensions.dll
Registered in 0.008866 seconds.
Native extension for Lumin target not found
Native extension for LinuxStandalone target not found
Native extension for WindowsStandalone target not found
Native extension for OSXStandalone target not found
Native extension for WebGL target not found
Refreshing native plugins compatible for Editor in 194.99 ms, found 1 plugins.
Preloading 0 native plugins for Editor in 0.00 ms.
Invoked RoslynAnalysisRunner static constructor.
RoslynAnalysisRunner will not be running.
RoslynAnalysisRunner has terminated.
Mono: successfully reloaded assembly
- Completed reload, in  7.243 seconds
Platform modules already initialized, skipping
Registering precompiled user dll's ...
Registered in 0.002120 seconds.
Begin MonoManager ReloadAssembly
Native extension for Lumin target not found
Native extension for LinuxStandalone target not found
Native extension for WindowsStandalone target not found
Native extension for OSXStandalone target not found
Native extension for WebGL target not found
Refreshing native plugins compatible for Editor in 145.62 ms, found 1 plugins.
Preloading 0 native plugins for Editor in 0.00 ms.
Invoked RoslynAnalysisRunner static constructor.
RoslynAnalysisRunner will not be running.
RoslynAnalysisRunner has terminated.
Mono: successfully reloaded assembly
- Completed reload, in  4.272 seconds
Platform modules already initialized, skipping
========================================================================
Worker process is ready to serve import requests
Launched and connected shader compiler UnityShaderCompiler.exe after 0.12 seconds
Refreshing native plugins compatible for Editor in 1.96 ms, found 1 plugins.
Preloading 0 native plugins for Editor in 0.00 ms.
Unloading 1801 Unused Serialized files (Serialized files now loaded: 0)
System memory in use before: 85.1 MB.
System memory in use after: 85.1 MB.

Unloading 24 unused Assets to reduce memory usage. Loaded Objects now: 2243.
Total: 5.137200 ms (FindLiveObjects: 0.362700 ms CreateObjectMapping: 0.141900 ms MarkObjects: 4.353700 ms  DeleteObjects: 0.276300 ms)

========================================================================
Received Import Request.
  path: Assets/Scripts/DragAndDrop.cs
  artifactKey: Guid(1cf9c68fd8ade70428fb865a7bd8c9df) Importer(815301076,1909f56bfc062723c751e8b465ee728b)
Start importing Assets/Scripts/DragAndDrop.cs using Guid(1cf9c68fd8ade70428fb865a7bd8c9df) Importer(815301076,1909f56bfc062723c751e8b465ee728b)  -> (artifact id: '1a7b6d50ca806a0862d67f2a03d84c09') in 0.169439 seconds
  Import took 0.178658 seconds .

========================================================================
Received Prepare
Registering precompiled user dll's ...
Registered in 0.001917 seconds.
Begin MonoManager ReloadAssembly
Native extension for Lumin target not found
Native extension for LinuxStandalone target not found
Native extension for WindowsStandalone target not found
Native extension for OSXStandalone target not found
Native extension for WebGL target not found
Refreshing native plugins compatible for Editor in 0.84 ms, found 1 plugins.
Preloading 0 native plugins for Editor in 0.00 ms.
Invoked RoslynAnalysisRunner static constructor.
RoslynAnalysisRunner will not be running.
RoslynAnalysisRunner has terminated.
Mono: successfully reloaded assembly
- Completed reload, in  2.287 seconds
Platform modules already initialized, skipping
Refreshing native plugins compatible for Editor in 0.94 ms, found 1 plugins.
Preloading 0 native plugins for Editor in 0.00 ms.
Unloading 1796 Unused Serialized files (Serialized files now loaded: 0)
System memory in use before: 85.1 MB.
System memory in use after: 85.1 MB.

Unloading 12 unused Assets to reduce memory usage. Loaded Objects now: 2246.
Total: 5.375900 ms (FindLiveObjects: 0.526800 ms CreateObjectMapping: 0.208500 ms MarkObjects: 4.305000 ms  DeleteObjects: 0.332300 ms)

========================================================================
Received Import Request.
  Time since last request: 440.948389 seconds.
  path: Assets/2D Zombie/Unity Native Animations
  artifactKey: Guid(61644f9cc45f8b346a5cb745b72cc1ff) Importer(815301076,1909f56bfc062723c751e8b465ee728b)
Start importing Assets/2D Zombie/Unity Native Animations using Guid(61644f9cc45f8b346a5cb745b72cc1ff) Importer(815301076,1909f56bfc062723c751e8b465ee728b)  -> (artifact id: '7d2178912316ddadcdd3ec5e235ae385') in 0.029151 seconds
  Import took 0.067000 seconds .

========================================================================
Received Import Request.
  Time since last request: 0.000465 seconds.
  path: Assets/2D Zombie/Unity Native Animations/Zombie_Normal_Atlas.asset
  artifactKey: Guid(cc0fbd8d5bf72d64ea33da86355fe557) Importer(815301076,1909f56bfc062723c751e8b465ee728b)
Start importing Assets/2D Zombie/Unity Native Animations/Zombie_Normal_Atlas.asset using Guid(cc0fbd8d5bf72d64ea33da86355fe557) Importer(815301076,1909f56bfc062723c751e8b465ee728b)  -> (artifact id: 'a49afba2258dd67fb244a8d3750cfa5d') in 0.034359 seconds
  Import took 0.137211 seconds .

========================================================================
Received Import Request.
  Time since last request: 0.001534 seconds.
  path: Assets/2D Zombie/Unity Native Animations/Zombie_Normal_Material.mat
  artifactKey: Guid(97d2e373d7c7c6e41b5aa688e9f85c85) Importer(815301076,1909f56bfc062723c751e8b465ee728b)
Start importing Assets/2D Zombie/Unity Native Animations/Zombie_Normal_Material.mat using Guid(97d2e373d7c7c6e41b5aa688e9f85c85) Importer(815301076,1909f56bfc062723c751e8b465ee728b)  -> (artifact id: '297f6ed9cc094183c678d61b2a548001') in 2.858690 seconds
  Import took 2.912696 seconds .

========================================================================
Received Import Request.
  Time since last request: 0.000356 seconds.
  path: Assets/2D Zombie/Unity Native Animations/Zombie_Normal.png
  artifactKey: Guid(1d44309ecdaa8244eb75229d95f7b1ed) Importer(815301076,1909f56bfc062723c751e8b465ee728b)
Start importing Assets/2D Zombie/Unity Native Animations/Zombie_Normal.png using Guid(1d44309ecdaa8244eb75229d95f7b1ed) Importer(815301076,1909f56bfc062723c751e8b465ee728b)  -> (artifact id: '4a3420f3b00be7b0e165796f30153847') in 0.509767 seconds
  Import took 0.516336 seconds .

========================================================================
Received Import Request.
  Time since last request: 0.000304 seconds.
  path: Assets/2D Zombie/Unity Native Animations/Zombie_Normal_SkeletonData.asset
  artifactKey: Guid(1acea0dfe92c6fe48ab7537f5e155584) Importer(815301076,1909f56bfc062723c751e8b465ee728b)
Start importing Assets/2D Zombie/Unity Native Animations/Zombie_Normal_SkeletonData.asset using Guid(1acea0dfe92c6fe48ab7537f5e155584) Importer(815301076,1909f56bfc062723c751e8b465ee728b)  -> (artifact id: 'a06e336330c8d6394714f995477ff44e') in 0.022475 seconds
  Import took 0.033699 seconds .

========================================================================
Received Import Request.
  Time since last request: 1.870721 seconds.
  path: Assets/2D Zombie/Background
  artifactKey: Guid(b158b3e504b62b34cbd86c13989e3105) Importer(815301076,1909f56bfc062723c751e8b465ee728b)
Start importing Assets/2D Zombie/Background using Guid(b158b3e504b62b34cbd86c13989e3105) Importer(815301076,1909f56bfc062723c751e8b465ee728b)  -> (artifact id: '6d3d124a85617643a8f199ebfa3e7035') in 0.027072 seconds
  Import took 0.058812 seconds .

========================================================================
Received Import Request.
  Time since last request: 0.016982 seconds.
  path: Assets/2D Zombie/Background/background.png
  artifactKey: Guid(b6fbc871353de3c4f90fab43fb82f3d1) Importer(815301076,1909f56bfc062723c751e8b465ee728b)
Start importing Assets/2D Zombie/Background/background.png using Guid(b6fbc871353de3c4f90fab43fb82f3d1) Importer(815301076,1909f56bfc062723c751e8b465ee728b)  -> (artifact id: 'd5149c5a75c3fa585d2c05515ce93384') in 0.081945 seconds
  Import took 0.088992 seconds .

========================================================================
Received Import Request.
  Time since last request: 0.000344 seconds.
  path: Assets/2D Zombie/Background/moon.png
  artifactKey: Guid(77a362fb0c9dee2469266ce146622620) Importer(815301076,1909f56bfc062723c751e8b465ee728b)
Start importing Assets/2D Zombie/Background/moon.png using Guid(77a362fb0c9dee2469266ce146622620) Importer(815301076,1909f56bfc062723c751e8b465ee728b)  -> (artifact id: '0a9736d77761e11d047ec71d8535615d') in 0.023295 seconds
  Import took 0.112677 seconds .

========================================================================
Received Import Request.
  Time since last request: 0.000363 seconds.
  path: Assets/2D Zombie/Background/parallax_back.png
  artifactKey: Guid(e4d936d0691eb694d8913eb7e7b20807) Importer(815301076,1909f56bfc062723c751e8b465ee728b)
Start importing Assets/2D Zombie/Background/parallax_back.png using Guid(e4d936d0691eb694d8913eb7e7b20807) Importer(815301076,1909f56bfc062723c751e8b465ee728b)  -> (artifact id: '06f98b565155af97865b7a53b512b849') in 0.025647 seconds
  Import took 0.032008 seconds .

========================================================================
Received Import Request.
  Time since last request: 0.000114 seconds.
  path: Assets/2D Zombie/Background/track.png
  artifactKey: Guid(ad0174e0c5603ab4ba3b11ef3e71fb86) Importer(815301076,1909f56bfc062723c751e8b465ee728b)
Start importing Assets/2D Zombie/Background/track.png using Guid(ad0174e0c5603ab4ba3b11ef3e71fb86) Importer(815301076,1909f56bfc062723c751e8b465ee728b)  -> (artifact id: '8e5353442905b58b52cb2dcb74a51d73') in 0.034820 seconds
  Import took 0.042825 seconds .

========================================================================
Received Import Request.
  Time since last request: 0.000295 seconds.
  path: Assets/2D Zombie/Background/parallax_front.png
  artifactKey: Guid(c93c83e465662b548854629cc9fa717c) Importer(815301076,1909f56bfc062723c751e8b465ee728b)
Start importing Assets/2D Zombie/Background/parallax_front.png using Guid(c93c83e465662b548854629cc9fa717c) Importer(815301076,1909f56bfc062723c751e8b465ee728b)  -> (artifact id: 'c57b28f8729bec63329706f120fa3e24') in 0.065992 seconds
  Import took 0.074599 seconds .

========================================================================
Received Import Request.
  Time since last request: 7.977603 seconds.
  path: Assets/2D Zombie/Demo
  artifactKey: Guid(9b82289e6e140c0408446d15b833e177) Importer(815301076,1909f56bfc062723c751e8b465ee728b)
Start importing Assets/2D Zombie/Demo using Guid(9b82289e6e140c0408446d15b833e177) Importer(815301076,1909f56bfc062723c751e8b465ee728b)  -> (artifact id: 'cafb51a4e015e21d7dc96b1a47e1bd27') in 0.038894 seconds
  Import took 0.068536 seconds .

========================================================================
Received Import Request.
  Time since last request: 3.463669 seconds.
  path: Assets/2D Zombie/Demo/Demo_Normal.unity
  artifactKey: Guid(cd926779f85483a439efec7f8d79e813) Importer(815301076,1909f56bfc062723c751e8b465ee728b)
Start importing Assets/2D Zombie/Demo/Demo_Normal.unity using Guid(cd926779f85483a439efec7f8d79e813) Importer(815301076,1909f56bfc062723c751e8b465ee728b)  -> (artifact id: 'f88d907f01b935cd848c2ca1af731d33') in 0.016198 seconds
  Import took 0.235021 seconds .

========================================================================
Received Prepare
Registering precompiled user dll's ...
Registered in 0.015799 seconds.
Begin MonoManager ReloadAssembly
Native extension for Lumin target not found
Native extension for LinuxStandalone target not found
Native extension for WindowsStandalone target not found
Native extension for OSXStandalone target not found
Native extension for WebGL target not found
Refreshing native plugins compatible for Editor in 0.55 ms, found 1 plugins.
Preloading 0 native plugins for Editor in 0.00 ms.
Invoked RoslynAnalysisRunner static constructor.
RoslynAnalysisRunner will not be running.
RoslynAnalysisRunner has terminated.
Mono: successfully reloaded assembly
- Completed reload, in  2.117 seconds
Platform modules already initialized, skipping
Refreshing native plugins compatible for Editor in 0.92 ms, found 1 plugins.
Preloading 0 native plugins for Editor in 0.00 ms.
Unloading 1797 Unused Serialized files (Serialized files now loaded: 0)
System memory in use before: 88.6 MB.
System memory in use after: 88.6 MB.

Unloading 12 unused Assets to reduce memory usage. Loaded Objects now: 2302.
Total: 3.893500 ms (FindLiveObjects: 0.624900 ms CreateObjectMapping: 0.218600 ms MarkObjects: 2.879800 ms  DeleteObjects: 0.168000 ms)

========================================================================
Received Import Request.
  Time since last request: 83.281716 seconds.
  path: Assets/Scenes/SampleScene.unity
  artifactKey: Guid(2cda990e2423bbf4892e6590ba056729) Importer(815301076,1909f56bfc062723c751e8b465ee728b)
Start importing Assets/Scenes/SampleScene.unity using Guid(2cda990e2423bbf4892e6590ba056729) Importer(815301076,1909f56bfc062723c751e8b465ee728b)  -> (artifact id: '9cea1c817d62015f767abd97b39b4ed7') in 0.035670 seconds
  Import took 0.095623 seconds .

========================================================================
Received Prepare
Registering precompiled user dll's ...
Registered in 0.001346 seconds.
Begin MonoManager ReloadAssembly
Native extension for Lumin target not found
Native extension for LinuxStandalone target not found
Native extension for WindowsStandalone target not found
Native extension for OSXStandalone target not found
Native extension for WebGL target not found
Refreshing native plugins compatible for Editor in 2.06 ms, found 1 plugins.
Preloading 0 native plugins for Editor in 0.00 ms.
Invoked RoslynAnalysisRunner static constructor.
RoslynAnalysisRunner will not be running.
RoslynAnalysisRunner has terminated.
Mono: successfully reloaded assembly
- Completed reload, in  3.177 seconds
Platform modules already initialized, skipping
Refreshing native plugins compatible for Editor in 0.58 ms, found 1 plugins.
Preloading 0 native plugins for Editor in 0.00 ms.
Unloading 1796 Unused Serialized files (Serialized files now loaded: 0)
System memory in use before: 88.6 MB.
System memory in use after: 88.6 MB.

Unloading 12 unused Assets to reduce memory usage. Loaded Objects now: 2305.
Total: 11.141500 ms (FindLiveObjects: 1.551800 ms CreateObjectMapping: 2.002100 ms MarkObjects: 7.356600 ms  DeleteObjects: 0.228300 ms)

========================================================================
Received Prepare
Registering precompiled user dll's ...
Registered in 0.001933 seconds.
Begin MonoManager ReloadAssembly
Native extension for Lumin target not found
Native extension for LinuxStandalone target not found
Native extension for WindowsStandalone target not found
Native extension for OSXStandalone target not found
Native extension for WebGL target not found
Refreshing native plugins compatible for Editor in 0.54 ms, found 1 plugins.
Preloading 0 native plugins for Editor in 0.00 ms.
Invoked RoslynAnalysisRunner static constructor.
RoslynAnalysisRunner will not be running.
RoslynAnalysisRunner has terminated.
Mono: successfully reloaded assembly
- Completed reload, in  1.923 seconds
Platform modules already initialized, skipping
Refreshing native plugins compatible for Editor in 0.83 ms, found 1 plugins.
Preloading 0 native plugins for Editor in 0.00 ms.
Unloading 1796 Unused Serialized files (Serialized files now loaded: 0)
System memory in use before: 88.6 MB.
System memory in use after: 88.6 MB.

Unloading 12 unused Assets to reduce memory usage. Loaded Objects now: 2308.
Total: 3.605500 ms (FindLiveObjects: 0.231000 ms CreateObjectMapping: 0.140100 ms MarkObjects: 3.076200 ms  DeleteObjects: 0.155900 ms)

========================================================================
Received Prepare
Registering precompiled user dll's ...
Registered in 0.001394 seconds.
Begin MonoManager ReloadAssembly
Native extension for Lumin target not found
Native extension for LinuxStandalone target not found
Native extension for WindowsStandalone target not found
Native extension for OSXStandalone target not found
Native extension for WebGL target not found
Refreshing native plugins compatible for Editor in 1.59 ms, found 1 plugins.
Preloading 0 native plugins for Editor in 0.00 ms.
Invoked RoslynAnalysisRunner static constructor.
RoslynAnalysisRunner will not be running.
RoslynAnalysisRunner has terminated.
Mono: successfully reloaded assembly
- Completed reload, in  2.077 seconds
Platform modules already initialized, skipping
Refreshing native plugins compatible for Editor in 0.85 ms, found 1 plugins.
Preloading 0 native plugins for Editor in 0.00 ms.
Unloading 1796 Unused Serialized files (Serialized files now loaded: 0)
System memory in use before: 88.6 MB.
System memory in use after: 88.6 MB.

Unloading 12 unused Assets to reduce memory usage. Loaded Objects now: 2311.
Total: 9.059300 ms (FindLiveObjects: 0.632300 ms CreateObjectMapping: 0.251900 ms MarkObjects: 7.999500 ms  DeleteObjects: 0.173100 ms)

========================================================================
Received Prepare
Registering precompiled user dll's ...
Registered in 0.002221 seconds.
Begin MonoManager ReloadAssembly
Native extension for Lumin target not found
Native extension for LinuxStandalone target not found
Native extension for WindowsStandalone target not found
Native extension for OSXStandalone target not found
Native extension for WebGL target not found
Refreshing native plugins compatible for Editor in 0.54 ms, found 1 plugins.
Preloading 0 native plugins for Editor in 0.00 ms.
Invoked RoslynAnalysisRunner static constructor.
RoslynAnalysisRunner will not be running.
RoslynAnalysisRunner has terminated.
Mono: successfully reloaded assembly
- Completed reload, in  2.037 seconds
Platform modules already initialized, skipping
Refreshing native plugins compatible for Editor in 0.85 ms, found 1 plugins.
Preloading 0 native plugins for Editor in 0.00 ms.
Unloading 1796 Unused Serialized files (Serialized files now loaded: 0)
System memory in use before: 88.6 MB.
System memory in use after: 88.6 MB.

Unloading 12 unused Assets to reduce memory usage. Loaded Objects now: 2314.
Total: 3.500500 ms (FindLiveObjects: 0.292400 ms CreateObjectMapping: 0.129700 ms MarkObjects: 2.910000 ms  DeleteObjects: 0.166500 ms)

========================================================================
Received Prepare
Registering precompiled user dll's ...
Registered in 0.001949 seconds.
Begin MonoManager ReloadAssembly
Native extension for Lumin target not found
Native extension for LinuxStandalone target not found
Native extension for WindowsStandalone target not found
Native extension for OSXStandalone target not found
Native extension for WebGL target not found
Refreshing native plugins compatible for Editor in 0.53 ms, found 1 plugins.
Preloading 0 native plugins for Editor in 0.00 ms.
Invoked RoslynAnalysisRunner static constructor.
RoslynAnalysisRunner will not be running.
RoslynAnalysisRunner has terminated.
Mono: successfully reloaded assembly
- Completed reload, in  1.726 seconds
Platform modules already initialized, skipping
Refreshing native plugins compatible for Editor in 0.83 ms, found 1 plugins.
Preloading 0 native plugins for Editor in 0.00 ms.
Unloading 1796 Unused Serialized files (Serialized files now loaded: 0)
System memory in use before: 88.6 MB.
System memory in use after: 88.6 MB.

Unloading 12 unused Assets to reduce memory usage. Loaded Objects now: 2317.
Total: 3.669100 ms (FindLiveObjects: 0.297700 ms CreateObjectMapping: 0.146000 ms MarkObjects: 3.054000 ms  DeleteObjects: 0.169000 ms)

AssetImportWorkerClient::OnTransportError - code=2 error=End of file
