Using pre-set license
Built from '2020.2/release' branch; Version is '2020.2.4f1 (becced5a802b) revision 12504301'; Using compiler version '192528614'; Build Type 'Release'
OS: 'Windows 10 Pro; OS build 19041.804; Version 2004; 64bit' Language: 'es' Physical Memory: 12139 MB
BatchMode: 1, IsHumanControllingUs: 0, StartBugReporterOnCrash: 0, Is64bit: 1, IsPro: 0

 COMMAND LINE ARGUMENTS:
C:\Program Files\Unity\Hub\Editor\2020.2.4f1\Editor\Unity.exe
-adb2
-batchMode
-noUpm
-name
AssetImportWorker0
-projectPath
D:/Septimo_Semestre/Simulacion/Primer_Corte/P1T5_Lab5_Navegacion
-logFile
Logs/AssetImportWorker0.log
-srvPort
54518
Successfully changed project path to: D:/Septimo_Semestre/Simulacion/Primer_Corte/P1T5_Lab5_Navegacion
D:/Septimo_Semestre/Simulacion/Primer_Corte/P1T5_Lab5_Navegacion
Using Asset Import Pipeline V2.
Refreshing native plugins compatible for Editor in 84.57 ms, found 0 plugins.
Preloading 0 native plugins for Editor in 0.00 ms.
Initialize engine version: 2020.2.4f1 (becced5a802b)
[Subsystems] Discovering subsystems at path C:/Program Files/Unity/Hub/Editor/2020.2.4f1/Editor/Data/Resources/UnitySubsystems
[Subsystems] Discovering subsystems at path D:/Septimo_Semestre/Simulacion/Primer_Corte/P1T5_Lab5_Navegacion/Assets
GfxDevice: creating device client; threaded=0
Direct3D:
    Version:  Direct3D 11.0 [level 11.1]
    Renderer: Intel(R) HD Graphics 520 (ID=0x1916)
    Vendor:   
    VRAM:     6069 MB
    Driver:   27.20.100.8681
Initialize mono
Mono path[0] = 'C:/Program Files/Unity/Hub/Editor/2020.2.4f1/Editor/Data/Managed'
Mono path[1] = 'C:/Program Files/Unity/Hub/Editor/2020.2.4f1/Editor/Data/MonoBleedingEdge/lib/mono/unityjit'
Mono config path = 'C:/Program Files/Unity/Hub/Editor/2020.2.4f1/Editor/Data/MonoBleedingEdge/etc'
Using monoOptions --debugger-agent=transport=dt_socket,embedding=1,server=y,suspend=n,address=127.0.0.1:56224
Begin MonoManager ReloadAssembly
Registering precompiled unity dll's ...
Register platform support module: C:/Program Files/Unity/Hub/Editor/2020.2.4f1/Editor/Data/PlaybackEngines/WebGLSupport/UnityEditor.WebGL.Extensions.dll
Register platform support module: C:/Program Files/Unity/Hub/Editor/2020.2.4f1/Editor/Data/PlaybackEngines/MacStandaloneSupport/UnityEditor.OSXStandalone.Extensions.dll
Register platform support module: C:/Program Files/Unity/Hub/Editor/2020.2.4f1/Editor/Data/PlaybackEngines/WindowsStandaloneSupport/UnityEditor.WindowsStandalone.Extensions.dll
Register platform support module: C:/Program Files/Unity/Hub/Editor/2020.2.4f1/Editor/Data/PlaybackEngines/LinuxStandaloneSupport/UnityEditor.LinuxStandalone.Extensions.dll
Register platform support module: C:/Program Files/Unity/Hub/Editor/2020.2.4f1/Editor/Data/PlaybackEngines/LuminSupport/UnityEditor.Lumin.Extensions.dll
Registered in 0.009531 seconds.
Native extension for Lumin target not found
Native extension for LinuxStandalone target not found
Native extension for WindowsStandalone target not found
Native extension for OSXStandalone target not found
Native extension for WebGL target not found
Refreshing native plugins compatible for Editor in 61.46 ms, found 0 plugins.
Preloading 0 native plugins for Editor in 0.00 ms.
Invoked RoslynAnalysisRunner static constructor.
RoslynAnalysisRunner will not be running.
RoslynAnalysisRunner has terminated.
Mono: successfully reloaded assembly
- Completed reload, in  7.472 seconds
Platform modules already initialized, skipping
Registering precompiled user dll's ...
Registered in 0.019737 seconds.
Begin MonoManager ReloadAssembly
Native extension for Lumin target not found
Native extension for LinuxStandalone target not found
Native extension for WindowsStandalone target not found
Native extension for OSXStandalone target not found
Native extension for WebGL target not found
Refreshing native plugins compatible for Editor in 0.59 ms, found 0 plugins.
Preloading 0 native plugins for Editor in 0.00 ms.
Invoked RoslynAnalysisRunner static constructor.
RoslynAnalysisRunner will not be running.
RoslynAnalysisRunner has terminated.
Mono: successfully reloaded assembly
- Completed reload, in  3.681 seconds
Platform modules already initialized, skipping
========================================================================
Worker process is ready to serve import requests
Launched and connected shader compiler UnityShaderCompiler.exe after 0.18 seconds
Refreshing native plugins compatible for Editor in 0.61 ms, found 0 plugins.
Preloading 0 native plugins for Editor in 0.00 ms.
Unloading 1104 Unused Serialized files (Serialized files now loaded: 0)
System memory in use before: 56.8 MB.
System memory in use after: 56.8 MB.

Unloading 10 unused Assets to reduce memory usage. Loaded Objects now: 1545.
Total: 5.197800 ms (FindLiveObjects: 0.465900 ms CreateObjectMapping: 0.186700 ms MarkObjects: 4.360400 ms  DeleteObjects: 0.178400 ms)

========================================================================
Received Import Request.
  path: Assets/Materials/Rojo.mat
  artifactKey: Guid(7f992f8f6a5f73744a7e116eb94b77f9) Importer(815301076,1909f56bfc062723c751e8b465ee728b)
Start importing Assets/Materials/Rojo.mat using Guid(7f992f8f6a5f73744a7e116eb94b77f9) Importer(815301076,1909f56bfc062723c751e8b465ee728b)  -> (artifact id: 'e4599577452b446b5243555ba2f8d874') in 0.921696 seconds
  Import took 0.944555 seconds .

========================================================================
Received Import Request.
  Time since last request: 10.010647 seconds.
  path: Assets/Materials
  artifactKey: Guid(130601befc5db094d99ee8f653e369fb) Importer(815301076,1909f56bfc062723c751e8b465ee728b)
Start importing Assets/Materials using Guid(130601befc5db094d99ee8f653e369fb) Importer(815301076,1909f56bfc062723c751e8b465ee728b)  -> (artifact id: 'ea160543a8b207aca2b06b185ad1a6c3') in 0.039183 seconds
  Import took 0.059762 seconds .

========================================================================
Received Import Request.
  Time since last request: 6.467851 seconds.
  path: Assets/Materials/Amarillo.mat
  artifactKey: Guid(4209a33dfc6c50448a76371ed7faf77c) Importer(815301076,1909f56bfc062723c751e8b465ee728b)
Start importing Assets/Materials/Amarillo.mat using Guid(4209a33dfc6c50448a76371ed7faf77c) Importer(815301076,1909f56bfc062723c751e8b465ee728b)  -> (artifact id: 'f65c373c2847a0eb7165151bae78e8cb') in 0.090146 seconds
  Import took 0.119720 seconds .

========================================================================
Received Import Request.
  Time since last request: 163.697124 seconds.
  path: Assets/Materials/Gris.mat
  artifactKey: Guid(5d2b046333bcbb54db12ccf348846ea5) Importer(815301076,1909f56bfc062723c751e8b465ee728b)
Start importing Assets/Materials/Gris.mat using Guid(5d2b046333bcbb54db12ccf348846ea5) Importer(815301076,1909f56bfc062723c751e8b465ee728b)  -> (artifact id: 'e7111c8c6d44fe90dba3ebe0630b9119') in 0.091324 seconds
  Import took 0.097656 seconds .

========================================================================
Received Import Request.
  Time since last request: 459.215215 seconds.
  path: Assets
  artifactKey: Guid(00000000000000001000000000000000) Importer(815301076,1909f56bfc062723c751e8b465ee728b)
Start importing Assets using Guid(00000000000000001000000000000000) Importer(815301076,1909f56bfc062723c751e8b465ee728b)  -> (artifact id: 'edc3feb264a98656617d3c2cb59c8f16') in 0.064268 seconds
  Import took 0.074167 seconds .

========================================================================
Received Import Request.
  Time since last request: 5.776934 seconds.
  path: Assets/Scripts
  artifactKey: Guid(608d14b4546e9fc4bbfcbb6a7d4e480e) Importer(815301076,1909f56bfc062723c751e8b465ee728b)
Start importing Assets/Scripts using Guid(608d14b4546e9fc4bbfcbb6a7d4e480e) Importer(815301076,1909f56bfc062723c751e8b465ee728b)  -> (artifact id: '395230d4b937861d869ddd0fad1a2830') in 0.017793 seconds
  Import took 0.022858 seconds .

========================================================================
Received Import Request.
  Time since last request: 26.746613 seconds.
  path: Assets/Scripts/Agente.cs
  artifactKey: Guid(18826d8d3028a92489d56302d7466734) Importer(815301076,1909f56bfc062723c751e8b465ee728b)
Start importing Assets/Scripts/Agente.cs using Guid(18826d8d3028a92489d56302d7466734) Importer(815301076,1909f56bfc062723c751e8b465ee728b)  -> (artifact id: '9f2f11709d7f5ee47f78d171311c4947') in 0.042692 seconds
  Import took 0.063385 seconds .

========================================================================
Received Prepare
Registering precompiled user dll's ...
Registered in 0.001286 seconds.
Begin MonoManager ReloadAssembly
Native extension for Lumin target not found
Native extension for LinuxStandalone target not found
Native extension for WindowsStandalone target not found
Native extension for OSXStandalone target not found
Native extension for WebGL target not found
Refreshing native plugins compatible for Editor in 2.22 ms, found 0 plugins.
Preloading 0 native plugins for Editor in 0.00 ms.
Invoked RoslynAnalysisRunner static constructor.
RoslynAnalysisRunner will not be running.
RoslynAnalysisRunner has terminated.
Mono: successfully reloaded assembly
- Completed reload, in  8.641 seconds
Platform modules already initialized, skipping
Refreshing native plugins compatible for Editor in 0.29 ms, found 0 plugins.
Preloading 0 native plugins for Editor in 0.00 ms.
Unloading 1100 Unused Serialized files (Serialized files now loaded: 0)
System memory in use before: 60.1 MB.
System memory in use after: 60.2 MB.

Unloading 5 unused Assets to reduce memory usage. Loaded Objects now: 1588.
Total: 2.764800 ms (FindLiveObjects: 0.432600 ms CreateObjectMapping: 0.060500 ms MarkObjects: 2.184400 ms  DeleteObjects: 0.083500 ms)

